[0606/105730.382:ERROR:process_memory_win.cc(73)] ReadMemory at 0x7ff70d2e0000 of 64 bytes failed: Only part of a ReadProcessMemory or WriteProcessMemory request was completed. (0x12B)
[0606/105731.084:WARNING:pe_image_reader.cc(340)] could not read dos header from C:\Program Files (x86)\Google\Chrome\Application\chrome.exe
[0606/105731.084:ERROR:process_memory_win.cc(73)] ReadMemory at 0x7ffd7eb80000 of 64 bytes failed: Only part of a ReadProcessMemory or WriteProcessMemory request was completed. (0x12B)
[0606/105731.085:WARNING:pe_image_reader.cc(340)] could not read dos header from C:\WINDOWS\SYSTEM32\ntdll.dll
[0606/105731.085:ERROR:process_memory_win.cc(73)] ReadMemory at 0x7ffd7e590000 of 64 bytes failed: Only part of a ReadProcessMemory or WriteProcessMemory request was completed. (0x12B)
[0606/105731.088:WARNING:pe_image_reader.cc(340)] could not read dos header from C:\WINDOWS\System32\KERNEL32.DLL
[0606/105731.088:ERROR:process_memory_win.cc(73)] ReadMemory at 0x7ffd7c090000 of 64 bytes failed: Only part of a ReadProcessMemory or WriteProcessMemory request was completed. (0x12B)
[0606/105731.088:WARNING:pe_image_reader.cc(340)] could not read dos header from C:\WINDOWS\System32\KERNELBASE.dll
[0606/105731.088:ERROR:process_memory_win.cc(73)] ReadMemory at 0x7ffd47670000 of 64 bytes failed: Only part of a ReadProcessMemory or WriteProcessMemory request was completed. (0x12B)
[0606/105731.088:WARNING:pe_image_reader.cc(340)] could not read dos header from C:\Program Files (x86)\Google\Chrome\Application\83.0.4103.61\chrome_elf.dll
[0606/105731.089:ERROR:process_memory_win.cc(73)] ReadMemory at 0x7ffd74d40000 of 64 bytes failed: Only part of a ReadProcessMemory or WriteProcessMemory request was completed. (0x12B)
[0606/105731.089:WARNING:pe_image_reader.cc(340)] could not read dos header from C:\WINDOWS\SYSTEM32\VERSION.dll
[0606/105731.089:ERROR:process_memory_win.cc(73)] ReadMemory at 0x7ffd7e700000 of 64 bytes failed: Only part of a ReadProcessMemory or WriteProcessMemory request was completed. (0x12B)
[0606/105731.089:WARNING:pe_image_reader.cc(340)] could not read dos header from C:\WINDOWS\System32\msvcrt.dll
[0606/105731.089:ERROR:process_memory_win.cc(73)] ReadMemory at 0x7ffd7bee0000 of 64 bytes failed: Only part of a ReadProcessMemory or WriteProcessMemory request was completed. (0x12B)
[0606/105731.089:WARNING:pe_image_reader.cc(340)] could not read dos header from C:\WINDOWS\System32\bcryptPrimitives.dll
[0606/105731.089:ERROR:process_memory_win.cc(73)] ReadMemory at 0x7ffd7d8d0000 of 64 bytes failed: Only part of a ReadProcessMemory or WriteProcessMemory request was completed. (0x12B)
[0606/105731.089:WARNING:pe_image_reader.cc(340)] could not read dos header from C:\WINDOWS\System32\ADVAPI32.dll
[0606/105731.089:ERROR:process_memory_win.cc(73)] ReadMemory at 0x7ffd7dac0000 of 64 bytes failed: Only part of a ReadProcessMemory or WriteProcessMemory request was completed. (0x12B)
[0606/105731.090:WARNING:pe_image_reader.cc(340)] could not read dos header from C:\WINDOWS\System32\sechost.dll
[0606/105731.090:ERROR:process_memory_win.cc(73)] ReadMemory at 0x7ffd7d980000 of 64 bytes failed: Only part of a ReadProcessMemory or WriteProcessMemory request was completed. (0x12B)
[0606/105731.090:WARNING:pe_image_reader.cc(340)] could not read dos header from C:\WINDOWS\System32\RPCRT4.dll
[0606/105731.090:ERROR:process_memory_win.cc(73)] ReadMemory at 0x7ffd290e0000 of 64 bytes failed: Only part of a ReadProcessMemory or WriteProcessMemory request was completed. (0x12B)
[0606/105731.090:WARNING:pe_image_reader.cc(340)] could not read dos header from C:\Program Files (x86)\Google\Chrome\Application\83.0.4103.61\chrome.dll
[0606/105731.090:ERROR:process_memory_win.cc(73)] ReadMemory at 0x7ffd7e4a0000 of 64 bytes failed: Only part of a ReadProcessMemory or WriteProcessMemory request was completed. (0x12B)
[0606/105731.090:WARNING:pe_image_reader.cc(340)] could not read dos header from C:\WINDOWS\System32\WS2_32.dll
[0606/105731.090:ERROR:process_memory_win.cc(73)] ReadMemory at 0x7ffd7cf70000 of 64 bytes failed: Only part of a ReadProcessMemory or WriteProcessMemory request was completed. (0x12B)
[0606/105731.090:WARNING:pe_image_reader.cc(340)] could not read dos header from C:\WINDOWS\System32\OLEAUT32.dll
[0606/105731.091:ERROR:process_memory_win.cc(73)] ReadMemory at 0x7ffd7bff0000 of 64 bytes failed: Only part of a ReadProcessMemory or WriteProcessMemory request was completed. (0x12B)
[0606/105731.091:WARNING:pe_image_reader.cc(340)] could not read dos header from C:\WINDOWS\System32\msvcp_win.dll
[0606/105731.091:ERROR:process_memory_win.cc(73)] ReadMemory at 0x7ffd7bb10000 of 64 bytes failed: Only part of a ReadProcessMemory or WriteProcessMemory request was completed. (0x12B)
[0606/105731.091:WARNING:pe_image_reader.cc(340)] could not read dos header from C:\WINDOWS\System32\ucrtbase.dll
[0606/105731.091:ERROR:process_memory_win.cc(73)] ReadMemory at 0x7ffd7e160000 of 64 bytes failed: Only part of a ReadProcessMemory or WriteProcessMemory request was completed. (0x12B)
[0606/105731.091:WARNING:pe_image_reader.cc(340)] could not read dos header from C:\WINDOWS\System32\combase.dll
[0606/105731.091:ERROR:process_memory_win.cc(73)] ReadMemory at 0x7ffd7bf60000 of 64 bytes failed: Only part of a ReadProcessMemory or WriteProcessMemory request was completed. (0x12B)
[0606/105731.091:WARNING:pe_image_reader.cc(340)] could not read dos header from C:\WINDOWS\System32\WINTRUST.dll
[0606/105731.091:ERROR:process_memory_win.cc(73)] ReadMemory at 0x7ffd7baf0000 of 64 bytes failed: Only part of a ReadProcessMemory or WriteProcessMemory request was completed. (0x12B)
[0606/105731.092:WARNING:pe_image_reader.cc(340)] could not read dos header from C:\WINDOWS\System32\MSASN1.dll
[0606/105731.092:ERROR:process_memory_win.cc(73)] ReadMemory at 0x7ffd7cae0000 of 64 bytes failed: Only part of a ReadProcessMemory or WriteProcessMemory request was completed. (0x12B)
[0606/105731.092:WARNING:pe_image_reader.cc(340)] could not read dos header from C:\WINDOWS\System32\CRYPT32.dll
[0606/105731.092:ERROR:process_memory_win.cc(73)] ReadMemory at 0x7ffd7af60000 of 64 bytes failed: Only part of a ReadProcessMemory or WriteProcessMemory request was completed. (0x12B)
[0606/105731.092:WARNING:pe_image_reader.cc(340)] could not read dos header from C:\WINDOWS\SYSTEM32\IPHLPAPI.DLL
[0606/105731.092:ERROR:process_memory_win.cc(73)] ReadMemory at 0x7ffd78380000 of 64 bytes failed: Only part of a ReadProcessMemory or WriteProcessMemory request was completed. (0x12B)
[0606/105731.092:WARNING:pe_image_reader.cc(340)] could not read dos header from C:\WINDOWS\SYSTEM32\WINMM.dll
[0606/105731.092:ERROR:process_memory_win.cc(73)] ReadMemory at 0x7ffd668a0000 of 64 bytes failed: Only part of a ReadProcessMemory or WriteProcessMemory request was completed. (0x12B)
[0606/105731.093:WARNING:pe_image_reader.cc(340)] could not read dos header from C:\WINDOWS\SYSTEM32\Secur32.dll
[0606/105731.093:ERROR:process_memory_win.cc(73)] ReadMemory at 0x7ffd7b930000 of 64 bytes failed: Only part of a ReadProcessMemory or WriteProcessMemory request was completed. (0x12B)
[0606/105731.093:WARNING:pe_image_reader.cc(340)] could not read dos header from C:\WINDOWS\SYSTEM32\USERENV.dll
[0606/105731.093:ERROR:process_memory_win.cc(73)] ReadMemory at 0x7ffd7bac0000 of 64 bytes failed: Only part of a ReadProcessMemory or WriteProcessMemory request was completed. (0x12B)
[0606/105731.093:WARNING:pe_image_reader.cc(340)] could not read dos header from C:\WINDOWS\System32\profapi.dll
[0606/105731.093:ERROR:process_memory_win.cc(73)] ReadMemory at 0x7ffd51a50000 of 64 bytes failed: Only part of a ReadProcessMemory or WriteProcessMemory request was completed. (0x12B)
[0606/105731.093:WARNING:pe_image_reader.cc(340)] could not read dos header from C:\WINDOWS\SYSTEM32\UIAutomationCore.DLL
[0606/105731.093:ERROR:process_memory_win.cc(73)] ReadMemory at 0x7ffd6ff40000 of 64 bytes failed: Only part of a ReadProcessMemory or WriteProcessMemory request was completed. (0x12B)
[0606/105731.093:WARNING:pe_image_reader.cc(340)] could not read dos header from C:\WINDOWS\SYSTEM32\DWrite.dll
[0606/105731.094:ERROR:process_memory_win.cc(73)] ReadMemory at 0x7ffd5f360000 of 64 bytes failed: Only part of a ReadProcessMemory or WriteProcessMemory request was completed. (0x12B)
[0606/105731.094:WARNING:pe_image_reader.cc(340)] could not read dos header from C:\WINDOWS\SYSTEM32\WINSPOOL.DRV
[0606/105731.094:ERROR:process_memory_win.cc(73)] ReadMemory at 0x7ffd7baa0000 of 64 bytes failed: Only part of a ReadProcessMemory or WriteProcessMemory request was completed. (0x12B)
[0606/105731.094:WARNING:pe_image_reader.cc(340)] could not read dos header from C:\WINDOWS\System32\kernel.appcore.dll
[0606/105731.094:ERROR:process_memory_win.cc(73)] ReadMemory at 0x7ffd7bfc0000 of 64 bytes failed: Only part of a ReadProcessMemory or WriteProcessMemory request was completed. (0x12B)
[0606/105731.094:WARNING:pe_image_reader.cc(340)] could not read dos header from C:\WINDOWS\System32\bcrypt.dll
[0606/105731.094:ERROR:process_memory_win.cc(73)] ReadMemory at 0x7ffd7a730000 of 64 bytes failed: Only part of a ReadProcessMemory or WriteProcessMemory request was completed. (0x12B)
[0606/105731.094:WARNING:pe_image_reader.cc(340)] could not read dos header from C:\WINDOWS\SYSTEM32\dbghelp.dll
[0606/105731.094:ERROR:process_memory_win.cc(73)] ReadMemory at 0x7ffd74bd0000 of 64 bytes failed: Only part of a ReadProcessMemory or WriteProcessMemory request was completed. (0x12B)
[0606/105731.095:WARNING:pe_image_reader.cc(340)] could not read dos header from C:\WINDOWS\SYSTEM32\WINHTTP.dll
[0606/105731.095:ERROR:process_memory_win.cc(73)] ReadMemory at 0x7ffd725e0000 of 64 bytes failed: Only part of a ReadProcessMemory or WriteProcessMemory request was completed. (0x12B)
[0606/105731.095:WARNING:pe_image_reader.cc(340)] could not read dos header from C:\WINDOWS\SYSTEM32\dhcpcsvc.DLL
[0606/105731.095:ERROR:process_memory_win.cc(73)] ReadMemory at 0x7ffd7cc30000 of 64 bytes failed: Only part of a ReadProcessMemory or WriteProcessMemory request was completed. (0x12B)
[0606/105731.095:WARNING:pe_image_reader.cc(340)] could not read dos header from C:\WINDOWS\System32\NSI.dll
[0606/105731.095:ERROR:process_memory_win.cc(73)] ReadMemory at 0x7ffd78350000 of 64 bytes failed: Only part of a ReadProcessMemory or WriteProcessMemory request was completed. (0x12B)
[0606/105731.095:WARNING:pe_image_reader.cc(340)] could not read dos header from C:\WINDOWS\SYSTEM32\WINMMBASE.dll
[0606/105731.095:ERROR:process_memory_win.cc(73)] ReadMemory at 0x7ffd7bc10000 of 64 bytes failed: Only part of a ReadProcessMemory or WriteProcessMemory request was completed. (0x12B)
[0606/105731.095:WARNING:pe_image_reader.cc(340)] could not read dos header from C:\WINDOWS\System32\cfgmgr32.dll
[0606/105731.096:ERROR:process_memory_win.cc(73)] ReadMemory at 0x7ffd77600000 of 64 bytes failed: Only part of a ReadProcessMemory or WriteProcessMemory request was completed. (0x12B)
[0606/105731.096:WARNING:pe_image_reader.cc(340)] could not read dos header from C:\WINDOWS\SYSTEM32\PROPSYS.dll
[0606/105731.096:ERROR:process_memory_win.cc(73)] ReadMemory at 0x7ffd7e0b0000 of 64 bytes failed: Only part of a ReadProcessMemory or WriteProcessMemory request was completed. (0x12B)
[0606/105731.096:WARNING:pe_image_reader.cc(340)] could not read dos header from C:\WINDOWS\System32\shcore.dll
[0606/105731.096:ERROR:process_memory_win.cc(73)] ReadMemory at 0x7ffd7b960000 of 64 bytes failed: Only part of a ReadProcessMemory or WriteProcessMemory request was completed. (0x12B)
[0606/105731.096:WARNING:pe_image_reader.cc(340)] could not read dos header from C:\WINDOWS\SYSTEM32\SSPICLI.DLL
[0606/105731.096:ERROR:process_memory_win.cc(73)] ReadMemory at 0x7ffd7b420000 of 64 bytes failed: Only part of a ReadProcessMemory or WriteProcessMemory request was completed. (0x12B)
[0606/105731.096:WARNING:pe_image_reader.cc(340)] could not read dos header from C:\WINDOWS\SYSTEM32\CRYPTBASE.DLL
[0606/105732.182:ERROR:process_memory_win.cc(73)] ReadMemory at 0x7ff70d2e0000 of 64 bytes failed: Only part of a ReadProcessMemory or WriteProcessMemory request was completed. (0x12B)
[0606/105732.182:WARNING:pe_image_reader.cc(340)] could not read dos header from C:\Program Files (x86)\Google\Chrome\Application\chrome.exe
[0606/105732.182:ERROR:process_memory_win.cc(73)] ReadMemory at 0x7ffd7eb80000 of 64 bytes failed: Only part of a ReadProcessMemory or WriteProcessMemory request was completed. (0x12B)
[0606/105732.182:WARNING:pe_image_reader.cc(340)] could not read dos header from C:\WINDOWS\SYSTEM32\ntdll.dll
[0606/105732.182:ERROR:process_memory_win.cc(73)] ReadMemory at 0x7ffd7e590000 of 64 bytes failed: Only part of a ReadProcessMemory or WriteProcessMemory request was completed. (0x12B)
[0606/105732.183:WARNING:pe_image_reader.cc(340)] could not read dos header from C:\WINDOWS\System32\KERNEL32.DLL
[0606/105732.183:ERROR:process_memory_win.cc(73)] ReadMemory at 0x7ffd7c090000 of 64 bytes failed: Only part of a ReadProcessMemory or WriteProcessMemory request was completed. (0x12B)
[0606/105732.183:WARNING:pe_image_reader.cc(340)] could not read dos header from C:\WINDOWS\System32\KERNELBASE.dll
[0606/105732.183:ERROR:process_memory_win.cc(73)] ReadMemory at 0x7ffd47670000 of 64 bytes failed: Only part of a ReadProcessMemory or WriteProcessMemory request was completed. (0x12B)
[0606/105732.183:WARNING:pe_image_reader.cc(340)] could not read dos header from C:\Program Files (x86)\Google\Chrome\Application\83.0.4103.61\chrome_elf.dll
[0606/105732.183:ERROR:process_memory_win.cc(73)] ReadMemory at 0x7ffd74d40000 of 64 bytes failed: Only part of a ReadProcessMemory or WriteProcessMemory request was completed. (0x12B)
[0606/105732.183:WARNING:pe_image_reader.cc(340)] could not read dos header from C:\WINDOWS\SYSTEM32\VERSION.dll
[0606/105732.183:ERROR:process_memory_win.cc(73)] ReadMemory at 0x7ffd7e700000 of 64 bytes failed: Only part of a ReadProcessMemory or WriteProcessMemory request was completed. (0x12B)
[0606/105732.183:WARNING:pe_image_reader.cc(340)] could not read dos header from C:\WINDOWS\System32\msvcrt.dll
[0606/105732.184:ERROR:process_memory_win.cc(73)] ReadMemory at 0x7ffd7bee0000 of 64 bytes failed: Only part of a ReadProcessMemory or WriteProcessMemory request was completed. (0x12B)
[0606/105732.184:WARNING:pe_image_reader.cc(340)] could not read dos header from C:\WINDOWS\System32\bcryptPrimitives.dll
[0606/105732.184:ERROR:process_memory_win.cc(73)] ReadMemory at 0x7ffd7d8d0000 of 64 bytes failed: Only part of a ReadProcessMemory or WriteProcessMemory request was completed. (0x12B)
[0606/105732.184:WARNING:pe_image_reader.cc(340)] could not read dos header from C:\WINDOWS\System32\ADVAPI32.dll
[0606/105732.184:ERROR:process_memory_win.cc(73)] ReadMemory at 0x7ffd7dac0000 of 64 bytes failed: Only part of a ReadProcessMemory or WriteProcessMemory request was completed. (0x12B)
[0606/105732.184:WARNING:pe_image_reader.cc(340)] could not read dos header from C:\WINDOWS\System32\sechost.dll
[0606/105732.184:ERROR:process_memory_win.cc(73)] ReadMemory at 0x7ffd7d980000 of 64 bytes failed: Only part of a ReadProcessMemory or WriteProcessMemory request was completed. (0x12B)
[0606/105732.184:WARNING:pe_image_reader.cc(340)] could not read dos header from C:\WINDOWS\System32\RPCRT4.dll
[0606/105732.184:ERROR:process_memory_win.cc(73)] ReadMemory at 0x7ffd290e0000 of 64 bytes failed: Only part of a ReadProcessMemory or WriteProcessMemory request was completed. (0x12B)
[0606/105732.184:WARNING:pe_image_reader.cc(340)] could not read dos header from C:\Program Files (x86)\Google\Chrome\Application\83.0.4103.61\chrome.dll
[0606/105732.185:ERROR:process_memory_win.cc(73)] ReadMemory at 0x7ffd7e4a0000 of 64 bytes failed: Only part of a ReadProcessMemory or WriteProcessMemory request was completed. (0x12B)
[0606/105732.185:WARNING:pe_image_reader.cc(340)] could not read dos header from C:\WINDOWS\System32\WS2_32.dll
[0606/105732.185:ERROR:process_memory_win.cc(73)] ReadMemory at 0x7ffd7cf70000 of 64 bytes failed: Only part of a ReadProcessMemory or WriteProcessMemory request was completed. (0x12B)
[0606/105732.185:WARNING:pe_image_reader.cc(340)] could not read dos header from C:\WINDOWS\System32\OLEAUT32.dll
[0606/105732.185:ERROR:process_memory_win.cc(73)] ReadMemory at 0x7ffd7bff0000 of 64 bytes failed: Only part of a ReadProcessMemory or WriteProcessMemory request was completed. (0x12B)
[0606/105732.185:WARNING:pe_image_reader.cc(340)] could not read dos header from C:\WINDOWS\System32\msvcp_win.dll
[0606/105732.185:ERROR:process_memory_win.cc(73)] ReadMemory at 0x7ffd7bb10000 of 64 bytes failed: Only part of a ReadProcessMemory or WriteProcessMemory request was completed. (0x12B)
[0606/105732.185:WARNING:pe_image_reader.cc(340)] could not read dos header from C:\WINDOWS\System32\ucrtbase.dll
[0606/105732.186:ERROR:process_memory_win.cc(73)] ReadMemory at 0x7ffd7e160000 of 64 bytes failed: Only part of a ReadProcessMemory or WriteProcessMemory request was completed. (0x12B)
[0606/105732.186:WARNING:pe_image_reader.cc(340)] could not read dos header from C:\WINDOWS\System32\combase.dll
[0606/105732.186:ERROR:process_memory_win.cc(73)] ReadMemory at 0x7ffd7bf60000 of 64 bytes failed: Only part of a ReadProcessMemory or WriteProcessMemory request was completed. (0x12B)
[0606/105732.186:WARNING:pe_image_reader.cc(340)] could not read dos header from C:\WINDOWS\System32\WINTRUST.dll
[0606/105732.186:ERROR:process_memory_win.cc(73)] ReadMemory at 0x7ffd7baf0000 of 64 bytes failed: Only part of a ReadProcessMemory or WriteProcessMemory request was completed. (0x12B)
[0606/105732.186:WARNING:pe_image_reader.cc(340)] could not read dos header from C:\WINDOWS\System32\MSASN1.dll
[0606/105732.186:ERROR:process_memory_win.cc(73)] ReadMemory at 0x7ffd7cae0000 of 64 bytes failed: Only part of a ReadProcessMemory or WriteProcessMemory request was completed. (0x12B)
[0606/105732.186:WARNING:pe_image_reader.cc(340)] could not read dos header from C:\WINDOWS\System32\CRYPT32.dll
[0606/105732.186:ERROR:process_memory_win.cc(73)] ReadMemory at 0x7ffd7af60000 of 64 bytes failed: Only part of a ReadProcessMemory or WriteProcessMemory request was completed. (0x12B)
[0606/105732.186:WARNING:pe_image_reader.cc(340)] could not read dos header from C:\WINDOWS\SYSTEM32\IPHLPAPI.DLL
[0606/105732.187:ERROR:process_memory_win.cc(73)] ReadMemory at 0x7ffd78380000 of 64 bytes failed: Only part of a ReadProcessMemory or WriteProcessMemory request was completed. (0x12B)
[0606/105732.187:WARNING:pe_image_reader.cc(340)] could not read dos header from C:\WINDOWS\SYSTEM32\WINMM.dll
[0606/105732.187:ERROR:process_memory_win.cc(73)] ReadMemory at 0x7ffd668a0000 of 64 bytes failed: Only part of a ReadProcessMemory or WriteProcessMemory request was completed. (0x12B)
[0606/105732.187:WARNING:pe_image_reader.cc(340)] could not read dos header from C:\WINDOWS\SYSTEM32\Secur32.dll
[0606/105732.187:ERROR:process_memory_win.cc(73)] ReadMemory at 0x7ffd7b930000 of 64 bytes failed: Only part of a ReadProcessMemory or WriteProcessMemory request was completed. (0x12B)
[0606/105732.187:WARNING:pe_image_reader.cc(340)] could not read dos header from C:\WINDOWS\SYSTEM32\USERENV.dll
[0606/105732.187:ERROR:process_memory_win.cc(73)] ReadMemory at 0x7ffd7bac0000 of 64 bytes failed: Only part of a ReadProcessMemory or WriteProcessMemory request was completed. (0x12B)
[0606/105732.187:WARNING:pe_image_reader.cc(340)] could not read dos header from C:\WINDOWS\System32\profapi.dll
[0606/105732.187:ERROR:process_memory_win.cc(73)] ReadMemory at 0x7ffd51a50000 of 64 bytes failed: Only part of a ReadProcessMemory or WriteProcessMemory request was completed. (0x12B)
[0606/105732.188:WARNING:pe_image_reader.cc(340)] could not read dos header from C:\WINDOWS\SYSTEM32\UIAutomationCore.DLL
[0606/105732.188:ERROR:process_memory_win.cc(73)] ReadMemory at 0x7ffd6ff40000 of 64 bytes failed: Only part of a ReadProcessMemory or WriteProcessMemory request was completed. (0x12B)
[0606/105732.188:WARNING:pe_image_reader.cc(340)] could not read dos header from C:\WINDOWS\SYSTEM32\DWrite.dll
[0606/105732.188:ERROR:process_memory_win.cc(73)] ReadMemory at 0x7ffd5f360000 of 64 bytes failed: Only part of a ReadProcessMemory or WriteProcessMemory request was completed. (0x12B)
[0606/105732.188:WARNING:pe_image_reader.cc(340)] could not read dos header from C:\WINDOWS\SYSTEM32\WINSPOOL.DRV
[0606/105732.188:ERROR:process_memory_win.cc(73)] ReadMemory at 0x7ffd7baa0000 of 64 bytes failed: Only part of a ReadProcessMemory or WriteProcessMemory request was completed. (0x12B)
[0606/105732.188:WARNING:pe_image_reader.cc(340)] could not read dos header from C:\WINDOWS\System32\kernel.appcore.dll
[0606/105732.188:ERROR:process_memory_win.cc(73)] ReadMemory at 0x7ffd7bfc0000 of 64 bytes failed: Only part of a ReadProcessMemory or WriteProcessMemory request was completed. (0x12B)
[0606/105732.188:WARNING:pe_image_reader.cc(340)] could not read dos header from C:\WINDOWS\System32\bcrypt.dll
[0606/105732.189:ERROR:process_memory_win.cc(73)] ReadMemory at 0x7ffd7a730000 of 64 bytes failed: Only part of a ReadProcessMemory or WriteProcessMemory request was completed. (0x12B)
[0606/105732.189:WARNING:pe_image_reader.cc(340)] could not read dos header from C:\WINDOWS\SYSTEM32\dbghelp.dll
[0606/105732.189:ERROR:process_memory_win.cc(73)] ReadMemory at 0x7ffd74bd0000 of 64 bytes failed: Only part of a ReadProcessMemory or WriteProcessMemory request was completed. (0x12B)
[0606/105732.189:WARNING:pe_image_reader.cc(340)] could not read dos header from C:\WINDOWS\SYSTEM32\WINHTTP.dll
[0606/105732.189:ERROR:process_memory_win.cc(73)] ReadMemory at 0x7ffd725e0000 of 64 bytes failed: Only part of a ReadProcessMemory or WriteProcessMemory request was completed. (0x12B)
[0606/105732.189:WARNING:pe_image_reader.cc(340)] could not read dos header from C:\WINDOWS\SYSTEM32\dhcpcsvc.DLL
[0606/105732.189:ERROR:process_memory_win.cc(73)] ReadMemory at 0x7ffd7cc30000 of 64 bytes failed: Only part of a ReadProcessMemory or WriteProcessMemory request was completed. (0x12B)
[0606/105732.189:WARNING:pe_image_reader.cc(340)] could not read dos header from C:\WINDOWS\System32\NSI.dll
[0606/105732.189:ERROR:process_memory_win.cc(73)] ReadMemory at 0x7ffd78350000 of 64 bytes failed: Only part of a ReadProcessMemory or WriteProcessMemory request was completed. (0x12B)
[0606/105732.190:WARNING:pe_image_reader.cc(340)] could not read dos header from C:\WINDOWS\SYSTEM32\WINMMBASE.dll
[0606/105732.190:ERROR:process_memory_win.cc(73)] ReadMemory at 0x7ffd7bc10000 of 64 bytes failed: Only part of a ReadProcessMemory or WriteProcessMemory request was completed. (0x12B)
[0606/105732.190:WARNING:pe_image_reader.cc(340)] could not read dos header from C:\WINDOWS\System32\cfgmgr32.dll
[0606/105732.190:ERROR:process_memory_win.cc(73)] ReadMemory at 0x7ffd77600000 of 64 bytes failed: Only part of a ReadProcessMemory or WriteProcessMemory request was completed. (0x12B)
[0606/105732.190:WARNING:pe_image_reader.cc(340)] could not read dos header from C:\WINDOWS\SYSTEM32\PROPSYS.dll
[0606/105732.191:ERROR:process_memory_win.cc(73)] ReadMemory at 0x7ffd7e0b0000 of 64 bytes failed: Only part of a ReadProcessMemory or WriteProcessMemory request was completed. (0x12B)
[0606/105732.191:WARNING:pe_image_reader.cc(340)] could not read dos header from C:\WINDOWS\System32\shcore.dll
[0606/105732.191:ERROR:process_memory_win.cc(73)] ReadMemory at 0x7ffd7b960000 of 64 bytes failed: Only part of a ReadProcessMemory or WriteProcessMemory request was completed. (0x12B)
[0606/105732.191:WARNING:pe_image_reader.cc(340)] could not read dos header from C:\WINDOWS\SYSTEM32\SSPICLI.DLL
[0606/105732.191:ERROR:process_memory_win.cc(73)] ReadMemory at 0x7ffd7b420000 of 64 bytes failed: Only part of a ReadProcessMemory or WriteProcessMemory request was completed. (0x12B)
[0606/105732.192:WARNING:pe_image_reader.cc(340)] could not read dos header from C:\WINDOWS\SYSTEM32\CRYPTBASE.DLL
[0606/105732.192:ERROR:process_memory_win.cc(73)] ReadMemory at 0x7ff70d2e0000 of 64 bytes failed: Only part of a ReadProcessMemory or WriteProcessMemory request was completed. (0x12B)
[0606/105732.192:WARNING:pe_image_reader.cc(340)] could not read dos header from C:\Program Files (x86)\Google\Chrome\Application\chrome.exe
[0606/105732.192:ERROR:process_memory_win.cc(73)] ReadMemory at 0x7ffd7eb80000 of 64 bytes failed: Only part of a ReadProcessMemory or WriteProcessMemory request was completed. (0x12B)
[0606/105732.192:WARNING:pe_image_reader.cc(340)] could not read dos header from C:\WINDOWS\SYSTEM32\ntdll.dll
[0606/105732.192:ERROR:process_memory_win.cc(73)] ReadMemory at 0x7ffd7e590000 of 64 bytes failed: Only part of a ReadProcessMemory or WriteProcessMemory request was completed. (0x12B)
[0606/105732.192:WARNING:pe_image_reader.cc(340)] could not read dos header from C:\WINDOWS\System32\KERNEL32.DLL
[0606/105732.193:ERROR:process_memory_win.cc(73)] ReadMemory at 0x7ffd7c090000 of 64 bytes failed: Only part of a ReadProcessMemory or WriteProcessMemory request was completed. (0x12B)
[0606/105732.193:WARNING:pe_image_reader.cc(340)] could not read dos header from C:\WINDOWS\System32\KERNELBASE.dll
[0606/105732.193:ERROR:process_memory_win.cc(73)] ReadMemory at 0x7ffd47670000 of 64 bytes failed: Only part of a ReadProcessMemory or WriteProcessMemory request was completed. (0x12B)
[0606/105732.193:WARNING:pe_image_reader.cc(340)] could not read dos header from C:\Program Files (x86)\Google\Chrome\Application\83.0.4103.61\chrome_elf.dll
[0606/105732.193:ERROR:process_memory_win.cc(73)] ReadMemory at 0x7ffd74d40000 of 64 bytes failed: Only part of a ReadProcessMemory or WriteProcessMemory request was completed. (0x12B)
[0606/105732.193:WARNING:pe_image_reader.cc(340)] could not read dos header from C:\WINDOWS\SYSTEM32\VERSION.dll
[0606/105732.193:ERROR:process_memory_win.cc(73)] ReadMemory at 0x7ffd7e700000 of 64 bytes failed: Only part of a ReadProcessMemory or WriteProcessMemory request was completed. (0x12B)
[0606/105732.194:WARNING:pe_image_reader.cc(340)] could not read dos header from C:\WINDOWS\System32\msvcrt.dll
[0606/105732.194:ERROR:process_memory_win.cc(73)] ReadMemory at 0x7ffd7bee0000 of 64 bytes failed: Only part of a ReadProcessMemory or WriteProcessMemory request was completed. (0x12B)
[0606/105732.194:WARNING:pe_image_reader.cc(340)] could not read dos header from C:\WINDOWS\System32\bcryptPrimitives.dll
[0606/105732.194:ERROR:process_memory_win.cc(73)] ReadMemory at 0x7ffd7d8d0000 of 64 bytes failed: Only part of a ReadProcessMemory or WriteProcessMemory request was completed. (0x12B)
[0606/105732.194:WARNING:pe_image_reader.cc(340)] could not read dos header from C:\WINDOWS\System32\ADVAPI32.dll
[0606/105732.194:ERROR:process_memory_win.cc(73)] ReadMemory at 0x7ffd7dac0000 of 64 bytes failed: Only part of a ReadProcessMemory or WriteProcessMemory request was completed. (0x12B)
[0606/105732.194:WARNING:pe_image_reader.cc(340)] could not read dos header from C:\WINDOWS\System32\sechost.dll
[0606/105732.195:ERROR:process_memory_win.cc(73)] ReadMemory at 0x7ffd7d980000 of 64 bytes failed: Only part of a ReadProcessMemory or WriteProcessMemory request was completed. (0x12B)
[0606/105732.195:WARNING:pe_image_reader.cc(340)] could not read dos header from C:\WINDOWS\System32\RPCRT4.dll
[0606/105732.195:ERROR:process_memory_win.cc(73)] ReadMemory at 0x7ffd290e0000 of 64 bytes failed: Only part of a ReadProcessMemory or WriteProcessMemory request was completed. (0x12B)
[0606/105732.195:WARNING:pe_image_reader.cc(340)] could not read dos header from C:\Program Files (x86)\Google\Chrome\Application\83.0.4103.61\chrome.dll
[0606/105732.195:ERROR:process_memory_win.cc(73)] ReadMemory at 0x7ffd7e4a0000 of 64 bytes failed: Only part of a ReadProcessMemory or WriteProcessMemory request was completed. (0x12B)
[0606/105732.195:WARNING:pe_image_reader.cc(340)] could not read dos header from C:\WINDOWS\System32\WS2_32.dll
[0606/105732.195:ERROR:process_memory_win.cc(73)] ReadMemory at 0x7ffd7cf70000 of 64 bytes failed: Only part of a ReadProcessMemory or WriteProcessMemory request was completed. (0x12B)
[0606/105732.195:WARNING:pe_image_reader.cc(340)] could not read dos header from C:\WINDOWS\System32\OLEAUT32.dll
[0606/105732.195:ERROR:process_memory_win.cc(73)] ReadMemory at 0x7ffd7bff0000 of 64 bytes failed: Only part of a ReadProcessMemory or WriteProcessMemory request was completed. (0x12B)
[0606/105732.195:WARNING:pe_image_reader.cc(340)] could not read dos header from C:\WINDOWS\System32\msvcp_win.dll
[0606/105732.196:ERROR:process_memory_win.cc(73)] ReadMemory at 0x7ffd7bb10000 of 64 bytes failed: Only part of a ReadProcessMemory or WriteProcessMemory request was completed. (0x12B)
[0606/105732.196:WARNING:pe_image_reader.cc(340)] could not read dos header from C:\WINDOWS\System32\ucrtbase.dll
[0606/105732.196:ERROR:process_memory_win.cc(73)] ReadMemory at 0x7ffd7e160000 of 64 bytes failed: Only part of a ReadProcessMemory or WriteProcessMemory request was completed. (0x12B)
[0606/105732.196:WARNING:pe_image_reader.cc(340)] could not read dos header from C:\WINDOWS\System32\combase.dll
[0606/105732.196:ERROR:process_memory_win.cc(73)] ReadMemory at 0x7ffd7bf60000 of 64 bytes failed: Only part of a ReadProcessMemory or WriteProcessMemory request was completed. (0x12B)
[0606/105732.196:WARNING:pe_image_reader.cc(340)] could not read dos header from C:\WINDOWS\System32\WINTRUST.dll
[0606/105732.196:ERROR:process_memory_win.cc(73)] ReadMemory at 0x7ffd7baf0000 of 64 bytes failed: Only part of a ReadProcessMemory or WriteProcessMemory request was completed. (0x12B)
[0606/105732.196:WARNING:pe_image_reader.cc(340)] could not read dos header from C:\WINDOWS\System32\MSASN1.dll
[0606/105732.196:ERROR:process_memory_win.cc(73)] ReadMemory at 0x7ffd7cae0000 of 64 bytes failed: Only part of a ReadProcessMemory or WriteProcessMemory request was completed. (0x12B)
[0606/105732.197:WARNING:pe_image_reader.cc(340)] could not read dos header from C:\WINDOWS\System32\CRYPT32.dll
[0606/105732.197:ERROR:process_memory_win.cc(73)] ReadMemory at 0x7ffd7af60000 of 64 bytes failed: Only part of a ReadProcessMemory or WriteProcessMemory request was completed. (0x12B)
[0606/105732.197:WARNING:pe_image_reader.cc(340)] could not read dos header from C:\WINDOWS\SYSTEM32\IPHLPAPI.DLL
[0606/105732.197:ERROR:process_memory_win.cc(73)] ReadMemory at 0x7ffd78380000 of 64 bytes failed: Only part of a ReadProcessMemory or WriteProcessMemory request was completed. (0x12B)
[0606/105732.197:WARNING:pe_image_reader.cc(340)] could not read dos header from C:\WINDOWS\SYSTEM32\WINMM.dll
[0606/105732.197:ERROR:process_memory_win.cc(73)] ReadMemory at 0x7ffd668a0000 of 64 bytes failed: Only part of a ReadProcessMemory or WriteProcessMemory request was completed. (0x12B)
[0606/105732.197:WARNING:pe_image_reader.cc(340)] could not read dos header from C:\WINDOWS\SYSTEM32\Secur32.dll
[0606/105732.197:ERROR:process_memory_win.cc(73)] ReadMemory at 0x7ffd7b930000 of 64 bytes failed: Only part of a ReadProcessMemory or WriteProcessMemory request was completed. (0x12B)
[0606/105732.197:WARNING:pe_image_reader.cc(340)] could not read dos header from C:\WINDOWS\SYSTEM32\USERENV.dll
[0606/105732.198:ERROR:process_memory_win.cc(73)] ReadMemory at 0x7ffd7bac0000 of 64 bytes failed: Only part of a ReadProcessMemory or WriteProcessMemory request was completed. (0x12B)
[0606/105732.198:WARNING:pe_image_reader.cc(340)] could not read dos header from C:\WINDOWS\System32\profapi.dll
[0606/105732.198:ERROR:process_memory_win.cc(73)] ReadMemory at 0x7ffd51a50000 of 64 bytes failed: Only part of a ReadProcessMemory or WriteProcessMemory request was completed. (0x12B)
[0606/105732.198:WARNING:pe_image_reader.cc(340)] could not read dos header from C:\WINDOWS\SYSTEM32\UIAutomationCore.DLL
[0606/105732.198:ERROR:process_memory_win.cc(73)] ReadMemory at 0x7ffd6ff40000 of 64 bytes failed: Only part of a ReadProcessMemory or WriteProcessMemory request was completed. (0x12B)
[0606/105732.198:WARNING:pe_image_reader.cc(340)] could not read dos header from C:\WINDOWS\SYSTEM32\DWrite.dll
[0606/105732.198:ERROR:process_memory_win.cc(73)] ReadMemory at 0x7ffd5f360000 of 64 bytes failed: Only part of a ReadProcessMemory or WriteProcessMemory request was completed. (0x12B)
[0606/105732.198:WARNING:pe_image_reader.cc(340)] could not read dos header from C:\WINDOWS\SYSTEM32\WINSPOOL.DRV
[0606/105732.199:ERROR:process_memory_win.cc(73)] ReadMemory at 0x7ffd7baa0000 of 64 bytes failed: Only part of a ReadProcessMemory or WriteProcessMemory request was completed. (0x12B)
[0606/105732.199:WARNING:pe_image_reader.cc(340)] could not read dos header from C:\WINDOWS\System32\kernel.appcore.dll
[0606/105732.199:ERROR:process_memory_win.cc(73)] ReadMemory at 0x7ffd7bfc0000 of 64 bytes failed: Only part of a ReadProcessMemory or WriteProcessMemory request was completed. (0x12B)
[0606/105732.199:WARNING:pe_image_reader.cc(340)] could not read dos header from C:\WINDOWS\System32\bcrypt.dll
[0606/105732.199:ERROR:process_memory_win.cc(73)] ReadMemory at 0x7ffd7a730000 of 64 bytes failed: Only part of a ReadProcessMemory or WriteProcessMemory request was completed. (0x12B)
[0606/105732.199:WARNING:pe_image_reader.cc(340)] could not read dos header from C:\WINDOWS\SYSTEM32\dbghelp.dll
[0606/105732.199:ERROR:process_memory_win.cc(73)] ReadMemory at 0x7ffd74bd0000 of 64 bytes failed: Only part of a ReadProcessMemory or WriteProcessMemory request was completed. (0x12B)
[0606/105732.199:WARNING:pe_image_reader.cc(340)] could not read dos header from C:\WINDOWS\SYSTEM32\WINHTTP.dll
[0606/105732.200:ERROR:process_memory_win.cc(73)] ReadMemory at 0x7ffd725e0000 of 64 bytes failed: Only part of a ReadProcessMemory or WriteProcessMemory request was completed. (0x12B)
[0606/105732.200:WARNING:pe_image_reader.cc(340)] could not read dos header from C:\WINDOWS\SYSTEM32\dhcpcsvc.DLL
[0606/105732.200:ERROR:process_memory_win.cc(73)] ReadMemory at 0x7ffd7cc30000 of 64 bytes failed: Only part of a ReadProcessMemory or WriteProcessMemory request was completed. (0x12B)
[0606/105732.200:WARNING:pe_image_reader.cc(340)] could not read dos header from C:\WINDOWS\System32\NSI.dll
[0606/105732.200:ERROR:process_memory_win.cc(73)] ReadMemory at 0x7ffd78350000 of 64 bytes failed: Only part of a ReadProcessMemory or WriteProcessMemory request was completed. (0x12B)
[0606/105732.200:WARNING:pe_image_reader.cc(340)] could not read dos header from C:\WINDOWS\SYSTEM32\WINMMBASE.dll
[0606/105732.200:ERROR:process_memory_win.cc(73)] ReadMemory at 0x7ffd7bc10000 of 64 bytes failed: Only part of a ReadProcessMemory or WriteProcessMemory request was completed. (0x12B)
[0606/105732.200:WARNING:pe_image_reader.cc(340)] could not read dos header from C:\WINDOWS\System32\cfgmgr32.dll
[0606/105732.201:ERROR:process_memory_win.cc(73)] ReadMemory at 0x7ffd77600000 of 64 bytes failed: Only part of a ReadProcessMemory or WriteProcessMemory request was completed. (0x12B)
[0606/105732.201:WARNING:pe_image_reader.cc(340)] could not read dos header from C:\WINDOWS\SYSTEM32\PROPSYS.dll
[0606/105732.201:ERROR:process_memory_win.cc(73)] ReadMemory at 0x7ffd7e0b0000 of 64 bytes failed: Only part of a ReadProcessMemory or WriteProcessMemory request was completed. (0x12B)
[0606/105732.201:WARNING:pe_image_reader.cc(340)] could not read dos header from C:\WINDOWS\System32\shcore.dll
[0606/105732.201:ERROR:process_memory_win.cc(73)] ReadMemory at 0x7ffd7b960000 of 64 bytes failed: Only part of a ReadProcessMemory or WriteProcessMemory request was completed. (0x12B)
[0606/105732.201:WARNING:pe_image_reader.cc(340)] could not read dos header from C:\WINDOWS\SYSTEM32\SSPICLI.DLL
[0606/105732.201:ERROR:process_memory_win.cc(73)] ReadMemory at 0x7ffd7b420000 of 64 bytes failed: Only part of a ReadProcessMemory or WriteProcessMemory request was completed. (0x12B)
[0606/105732.201:WARNING:pe_image_reader.cc(340)] could not read dos header from C:\WINDOWS\SYSTEM32\CRYPTBASE.DLL
[0606/105732.515:ERROR:process_memory_win.cc(73)] ReadMemory at 0x378bde8000 of 98304 bytes failed: Only part of a ReadProcessMemory or WriteProcessMemory request was completed. (0x12B)
[0606/105732.516:ERROR:process_memory_win.cc(73)] ReadMemory at 0x378c5fd000 of 12288 bytes failed: Only part of a ReadProcessMemory or WriteProcessMemory request was completed. (0x12B)
[0606/105732.516:ERROR:process_memory_win.cc(73)] ReadMemory at 0x378d5fd000 of 12288 bytes failed: Only part of a ReadProcessMemory or WriteProcessMemory request was completed. (0x12B)
[0606/105732.516:ERROR:process_memory_win.cc(73)] ReadMemory at 0x378ddfc000 of 16384 bytes failed: Only part of a ReadProcessMemory or WriteProcessMemory request was completed. (0x12B)
[0606/105732.516:ERROR:process_memory_win.cc(73)] ReadMemory at 0x378e5fe000 of 8192 bytes failed: Only part of a ReadProcessMemory or WriteProcessMemory request was completed. (0x12B)
[0606/105732.516:ERROR:process_memory_win.cc(73)] ReadMemory at 0x378edfd000 of 12288 bytes failed: Only part of a ReadProcessMemory or WriteProcessMemory request was completed. (0x12B)
[0606/105732.516:ERROR:process_memory_win.cc(73)] ReadMemory at 0x378f5fb000 of 20480 bytes failed: Only part of a ReadProcessMemory or WriteProcessMemory request was completed. (0x12B)
[0606/105732.517:ERROR:process_memory_win.cc(73)] ReadMemory at 0x37905fd000 of 12288 bytes failed: Only part of a ReadProcessMemory or WriteProcessMemory request was completed. (0x12B)
[0606/105732.517:ERROR:process_memory_win.cc(73)] ReadMemory at 0x3790df5000 of 45056 bytes failed: Only part of a ReadProcessMemory or WriteProcessMemory request was completed. (0x12B)
[0606/105732.574:ERROR:process_memory_win.cc(73)] ReadMemory at 0x37915f5000 of 45056 bytes failed: Only part of a ReadProcessMemory or WriteProcessMemory request was completed. (0x12B)
[0606/105732.574:ERROR:process_memory_win.cc(73)] ReadMemory at 0x3791dfc000 of 16384 bytes failed: Only part of a ReadProcessMemory or WriteProcessMemory request was completed. (0x12B)
[0606/105732.574:ERROR:process_memory_win.cc(73)] ReadMemory at 0x378fdfd000 of 12288 bytes failed: Only part of a ReadProcessMemory or WriteProcessMemory request was completed. (0x12B)
[0606/105732.574:ERROR:process_memory_win.cc(73)] ReadMemory at 0x3792df6000 of 40960 bytes failed: Only part of a ReadProcessMemory or WriteProcessMemory request was completed. (0x12B)
[0606/105732.574:ERROR:process_memory_win.cc(73)] ReadMemory at 0x378cdff000 of 4096 bytes failed: Only part of a ReadProcessMemory or WriteProcessMemory request was completed. (0x12B)
[0606/105733.934:ERROR:process_memory_win.cc(73)] ReadMemory at 0x378b508000 of 6024 bytes failed: Only part of a ReadProcessMemory or WriteProcessMemory request was completed. (0x12B)
[0606/105734.114:ERROR:process_memory_win.cc(73)] ReadMemory at 0x378b50a000 of 6024 bytes failed: Only part of a ReadProcessMemory or WriteProcessMemory request was completed. (0x12B)
[0606/105734.115:ERROR:process_memory_win.cc(73)] ReadMemory at 0x378b53b000 of 852 bytes failed: Only part of a ReadProcessMemory or WriteProcessMemory request was completed. (0x12B)
[0606/105734.115:ERROR:process_memory_win.cc(73)] ReadMemory at 0x378b53c000 of 6024 bytes failed: Only part of a ReadProcessMemory or WriteProcessMemory request was completed. (0x12B)
[0606/105734.117:ERROR:process_memory_win.cc(73)] ReadMemory at 0x378b53e000 of 6024 bytes failed: Only part of a ReadProcessMemory or WriteProcessMemory request was completed. (0x12B)
[0606/105734.118:ERROR:process_memory_win.cc(73)] ReadMemory at 0x378b542000 of 6024 bytes failed: Only part of a ReadProcessMemory or WriteProcessMemory request was completed. (0x12B)
[0606/105734.118:ERROR:process_memory_win.cc(73)] ReadMemory at 0x378b544000 of 6024 bytes failed: Only part of a ReadProcessMemory or WriteProcessMemory request was completed. (0x12B)
[0606/105734.118:ERROR:process_memory_win.cc(73)] ReadMemory at 0x378b546000 of 6024 bytes failed: Only part of a ReadProcessMemory or WriteProcessMemory request was completed. (0x12B)
[0606/105734.118:ERROR:process_memory_win.cc(73)] ReadMemory at 0x378b548000 of 6024 bytes failed: Only part of a ReadProcessMemory or WriteProcessMemory request was completed. (0x12B)
[0606/105734.118:ERROR:process_memory_win.cc(73)] ReadMemory at 0x378b54a000 of 6024 bytes failed: Only part of a ReadProcessMemory or WriteProcessMemory request was completed. (0x12B)
[0606/105734.118:ERROR:process_memory_win.cc(73)] ReadMemory at 0x378b54e000 of 6024 bytes failed: Only part of a ReadProcessMemory or WriteProcessMemory request was completed. (0x12B)
[0606/105734.119:ERROR:process_memory_win.cc(73)] ReadMemory at 0x378b550000 of 6024 bytes failed: Only part of a ReadProcessMemory or WriteProcessMemory request was completed. (0x12B)
[0606/105734.119:ERROR:process_memory_win.cc(73)] ReadMemory at 0x378b552000 of 6024 bytes failed: Only part of a ReadProcessMemory or WriteProcessMemory request was completed. (0x12B)
[0606/105734.119:ERROR:process_memory_win.cc(73)] ReadMemory at 0x378b554000 of 6024 bytes failed: Only part of a ReadProcessMemory or WriteProcessMemory request was completed. (0x12B)
[0606/105734.119:ERROR:process_memory_win.cc(73)] ReadMemory at 0x378b55a000 of 6024 bytes failed: Only part of a ReadProcessMemory or WriteProcessMemory request was completed. (0x12B)
[0606/105734.635:ERROR:process_memory_win.cc(73)] ReadMemory at 0x226376a0fe0 of 17806 bytes failed: Only part of a ReadProcessMemory or WriteProcessMemory request was completed. (0x12B)
[0606/105734.636:ERROR:process_memory_win.cc(73)] ReadMemory at 0x226376a5580 of 1012 bytes failed: Only part of a ReadProcessMemory or WriteProcessMemory request was completed. (0x12B)
[0606/105734.637:ERROR:process_memory_win.cc(73)] ReadMemory at 0x226376a5bc8 of 118 bytes failed: Only part of a ReadProcessMemory or WriteProcessMemory request was completed. (0x12B)
[0606/105734.637:ERROR:process_memory_win.cc(73)] ReadMemory at 0x226376a5c40 of 760 bytes failed: Only part of a ReadProcessMemory or WriteProcessMemory request was completed. (0x12B)
[0606/105734.637:ERROR:process_memory_win.cc(73)] ReadMemory at 0x226376a5f3a of 118 bytes failed: Only part of a ReadProcessMemory or WriteProcessMemory request was completed. (0x12B)
[0606/105734.638:ERROR:process_memory_win.cc(73)] ReadMemory at 0x226376a5fb2 of 100 bytes failed: Only part of a ReadProcessMemory or WriteProcessMemory request was completed. (0x12B)
[0606/105734.721:ERROR:process_memory_win.cc(73)] ReadMemory at 0x226376a6030 of 58 bytes failed: Only part of a ReadProcessMemory or WriteProcessMemory request was completed. (0x12B)
[0606/105734.895:ERROR:process_memory_win.cc(73)] ReadMemory at 0x226376a6130 of 132 bytes failed: Only part of a ReadProcessMemory or WriteProcessMemory request was completed. (0x12B)
[0606/105735.241:ERROR:process_memory_win.cc(73)] ReadMemory at 0x226376a62c0 of 132 bytes failed: Only part of a ReadProcessMemory or WriteProcessMemory request was completed. (0x12B)
[0606/105735.243:ERROR:process_memory_win.cc(73)] ReadMemory at 0x226376a6480 of 124 bytes failed: Only part of a ReadProcessMemory or WriteProcessMemory request was completed. (0x12B)
[0606/105735.243:ERROR:process_memory_win.cc(73)] ReadMemory at 0x226376a6860 of 132 bytes failed: Only part of a ReadProcessMemory or WriteProcessMemory request was completed. (0x12B)
[0606/105735.243:ERROR:process_memory_win.cc(73)] ReadMemory at 0x226376a69f0 of 64 bytes failed: Only part of a ReadProcessMemory or WriteProcessMemory request was completed. (0x12B)
[0606/105735.808:ERROR:process_memory_win.cc(73)] ReadMemory at 0x226376a6a40 of 132 bytes failed: Only part of a ReadProcessMemory or WriteProcessMemory request was completed. (0x12B)
[0606/105735.810:ERROR:process_memory_win.cc(73)] ReadMemory at 0x226376a6bb0 of 132 bytes failed: Only part of a ReadProcessMemory or WriteProcessMemory request was completed. (0x12B)
[0606/105735.811:ERROR:process_memory_win.cc(73)] ReadMemory at 0x226376a6e50 of 132 bytes failed: Only part of a ReadProcessMemory or WriteProcessMemory request was completed. (0x12B)
[0606/105735.811:ERROR:process_memory_win.cc(73)] ReadMemory at 0x226376a6fe0 of 68 bytes failed: Only part of a ReadProcessMemory or WriteProcessMemory request was completed. (0x12B)
[0606/105736.009:ERROR:process_memory_win.cc(73)] ReadMemory at 0x226376a80b0 of 132 bytes failed: Only part of a ReadProcessMemory or WriteProcessMemory request was completed. (0x12B)
[0606/105736.010:ERROR:process_memory_win.cc(73)] ReadMemory at 0x226376a8240 of 152 bytes failed: Only part of a ReadProcessMemory or WriteProcessMemory request was completed. (0x12B)
[0606/105736.011:ERROR:process_memory_win.cc(73)] ReadMemory at 0x226376a9c30 of 62 bytes failed: Only part of a ReadProcessMemory or WriteProcessMemory request was completed. (0x12B)
[0606/105736.011:ERROR:process_memory_win.cc(73)] ReadMemory at 0x226376a9cb0 of 144 bytes failed: Only part of a ReadProcessMemory or WriteProcessMemory request was completed. (0x12B)
[0606/105736.011:ERROR:process_memory_win.cc(73)] ReadMemory at 0x226376a9d90 of 132 bytes failed: Only part of a ReadProcessMemory or WriteProcessMemory request was completed. (0x12B)
[0606/105736.011:ERROR:process_memory_win.cc(73)] ReadMemory at 0x226376a9f20 of 60 bytes failed: Only part of a ReadProcessMemory or WriteProcessMemory request was completed. (0x12B)
[0606/105736.011:ERROR:process_memory_win.cc(73)] ReadMemory at 0x226376aad00 of 132 bytes failed: Only part of a ReadProcessMemory or WriteProcessMemory request was completed. (0x12B)
[0606/105736.012:ERROR:process_memory_win.cc(73)] ReadMemory at 0x226376ab050 of 132 bytes failed: Only part of a ReadProcessMemory or WriteProcessMemory request was completed. (0x12B)
[0606/105736.177:ERROR:process_memory_win.cc(73)] ReadMemory at 0x226376ab270 of 132 bytes failed: Only part of a ReadProcessMemory or WriteProcessMemory request was completed. (0x12B)
[0606/105736.178:ERROR:process_memory_win.cc(73)] ReadMemory at 0x226376ad9b0 of 132 bytes failed: Only part of a ReadProcessMemory or WriteProcessMemory request was completed. (0x12B)
[0606/105736.178:ERROR:process_memory_win.cc(73)] ReadMemory at 0x226376adae0 of 132 bytes failed: Only part of a ReadProcessMemory or WriteProcessMemory request was completed. (0x12B)
[0606/105736.178:ERROR:process_memory_win.cc(73)] ReadMemory at 0x226376adc70 of 80 bytes failed: Only part of a ReadProcessMemory or WriteProcessMemory request was completed. (0x12B)
[0606/105736.179:ERROR:process_memory_win.cc(73)] ReadMemory at 0x226376ade60 of 64 bytes failed: Only part of a ReadProcessMemory or WriteProcessMemory request was completed. (0x12B)
[0606/105736.179:ERROR:process_memory_win.cc(73)] ReadMemory at 0x226376adeb0 of 64 bytes failed: Only part of a ReadProcessMemory or WriteProcessMemory request was completed. (0x12B)
[0606/105736.359:ERROR:process_memory_win.cc(73)] ReadMemory at 0x226376ae130 of 66 bytes failed: Only part of a ReadProcessMemory or WriteProcessMemory request was completed. (0x12B)
[0606/105736.555:ERROR:process_memory_win.cc(73)] ReadMemory at 0x226376ae2c0 of 60 bytes failed: Only part of a ReadProcessMemory or WriteProcessMemory request was completed. (0x12B)
[0606/105736.555:ERROR:process_memory_win.cc(73)] ReadMemory at 0x226376ae400 of 60 bytes failed: Only part of a ReadProcessMemory or WriteProcessMemory request was completed. (0x12B)
[0606/105736.555:ERROR:process_memory_win.cc(73)] ReadMemory at 0x226376ae450 of 64 bytes failed: Only part of a ReadProcessMemory or WriteProcessMemory request was completed. (0x12B)
[0606/105736.556:ERROR:process_memory_win.cc(73)] ReadMemory at 0x226376ae4a0 of 62 bytes failed: Only part of a ReadProcessMemory or WriteProcessMemory request was completed. (0x12B)
[0606/105736.560:ERROR:process_memory_win.cc(73)] ReadMemory at 0x226376ae4f0 of 62 bytes failed: Only part of a ReadProcessMemory or WriteProcessMemory request was completed. (0x12B)
[0606/105736.562:ERROR:process_memory_win.cc(73)] ReadMemory at 0x226376ae540 of 64 bytes failed: Only part of a ReadProcessMemory or WriteProcessMemory request was completed. (0x12B)
[0606/105736.562:ERROR:process_memory_win.cc(73)] ReadMemory at 0x226376aea20 of 60 bytes failed: Only part of a ReadProcessMemory or WriteProcessMemory request was completed. (0x12B)
[0606/105736.563:ERROR:process_memory_win.cc(73)] ReadMemory at 0x226376aeb10 of 64 bytes failed: Only part of a ReadProcessMemory or WriteProcessMemory request was completed. (0x12B)
[0606/105736.563:ERROR:process_memory_win.cc(73)] ReadMemory at 0x226376aeb60 of 64 bytes failed: Only part of a ReadProcessMemory or WriteProcessMemory request was completed. (0x12B)
[0606/105736.564:ERROR:process_memory_win.cc(73)] ReadMemory at 0x226376aecf0 of 60 bytes failed: Only part of a ReadProcessMemory or WriteProcessMemory request was completed. (0x12B)
[0606/105736.565:ERROR:process_memory_win.cc(73)] ReadMemory at 0x226376aed40 of 58 bytes failed: Only part of a ReadProcessMemory or WriteProcessMemory request was completed. (0x12B)
[0606/105736.566:ERROR:process_memory_win.cc(73)] ReadMemory at 0x226376aefc0 of 62 bytes failed: Only part of a ReadProcessMemory or WriteProcessMemory request was completed. (0x12B)
[0606/105736.567:ERROR:process_memory_win.cc(73)] ReadMemory at 0x226376af240 of 60 bytes failed: Only part of a ReadProcessMemory or WriteProcessMemory request was completed. (0x12B)
[0606/105736.567:ERROR:process_memory_win.cc(73)] ReadMemory at 0x226376af290 of 62 bytes failed: Only part of a ReadProcessMemory or WriteProcessMemory request was completed. (0x12B)
[0606/105736.728:ERROR:process_memory_win.cc(73)] ReadMemory at 0x226376af470 of 62 bytes failed: Only part of a ReadProcessMemory or WriteProcessMemory request was completed. (0x12B)
[0606/105736.729:ERROR:process_memory_win.cc(73)] ReadMemory at 0x226376af4c0 of 62 bytes failed: Only part of a ReadProcessMemory or WriteProcessMemory request was completed. (0x12B)
[0606/105736.729:ERROR:process_memory_win.cc(73)] ReadMemory at 0x226376af600 of 62 bytes failed: Only part of a ReadProcessMemory or WriteProcessMemory request was completed. (0x12B)
[0606/105737.185:ERROR:process_memory_win.cc(73)] ReadMemory at 0x226376af6a0 of 66 bytes failed: Only part of a ReadProcessMemory or WriteProcessMemory request was completed. (0x12B)
[0606/105737.186:ERROR:process_memory_win.cc(73)] ReadMemory at 0x226376af6f0 of 64 bytes failed: Only part of a ReadProcessMemory or WriteProcessMemory request was completed. (0x12B)
[0606/105737.186:ERROR:process_memory_win.cc(73)] ReadMemory at 0x226376af830 of 62 bytes failed: Only part of a ReadProcessMemory or WriteProcessMemory request was completed. (0x12B)
[0606/105737.186:ERROR:process_memory_win.cc(73)] ReadMemory at 0x226376af880 of 62 bytes failed: Only part of a ReadProcessMemory or WriteProcessMemory request was completed. (0x12B)
[0606/105737.186:ERROR:process_memory_win.cc(73)] ReadMemory at 0x226376af8d0 of 60 bytes failed: Only part of a ReadProcessMemory or WriteProcessMemory request was completed. (0x12B)
[0606/105737.187:ERROR:process_memory_win.cc(73)] ReadMemory at 0x226376af920 of 62 bytes failed: Only part of a ReadProcessMemory or WriteProcessMemory request was completed. (0x12B)
[0606/105737.187:ERROR:process_memory_win.cc(73)] ReadMemory at 0x226376af970 of 64 bytes failed: Only part of a ReadProcessMemory or WriteProcessMemory request was completed. (0x12B)
[0606/105737.187:ERROR:process_memory_win.cc(73)] ReadMemory at 0x226376b2010 of 132 bytes failed: Only part of a ReadProcessMemory or WriteProcessMemory request was completed. (0x12B)
[0606/105737.187:ERROR:process_memory_win.cc(73)] ReadMemory at 0x226376b2370 of 132 bytes failed: Only part of a ReadProcessMemory or WriteProcessMemory request was completed. (0x12B)
[0606/105737.188:ERROR:process_memory_win.cc(73)] ReadMemory at 0x226376b2580 of 132 bytes failed: Only part of a ReadProcessMemory or WriteProcessMemory request was completed. (0x12B)
[0606/105737.189:ERROR:process_memory_win.cc(73)] ReadMemory at 0x226376b3b30 of 132 bytes failed: Only part of a ReadProcessMemory or WriteProcessMemory request was completed. (0x12B)
[0606/105737.189:ERROR:process_memory_win.cc(73)] ReadMemory at 0x226376b3c60 of 132 bytes failed: Only part of a ReadProcessMemory or WriteProcessMemory request was completed. (0x12B)
[0606/105737.189:ERROR:process_memory_win.cc(73)] ReadMemory at 0x226376b3d90 of 132 bytes failed: Only part of a ReadProcessMemory or WriteProcessMemory request was completed. (0x12B)
[0606/105737.189:ERROR:process_memory_win.cc(73)] ReadMemory at 0x226376b3ec0 of 132 bytes failed: Only part of a ReadProcessMemory or WriteProcessMemory request was completed. (0x12B)
[0606/105737.189:ERROR:process_memory_win.cc(73)] ReadMemory at 0x226376b3ff0 of 132 bytes failed: Only part of a ReadProcessMemory or WriteProcessMemory request was completed. (0x12B)
[0606/105737.189:ERROR:process_memory_win.cc(73)] ReadMemory at 0x226376b4120 of 132 bytes failed: Only part of a ReadProcessMemory or WriteProcessMemory request was completed. (0x12B)
[0606/105737.189:ERROR:process_memory_win.cc(73)] ReadMemory at 0x226376b4250 of 132 bytes failed: Only part of a ReadProcessMemory or WriteProcessMemory request was completed. (0x12B)
[0606/105737.189:ERROR:process_memory_win.cc(73)] ReadMemory at 0x226376b4380 of 132 bytes failed: Only part of a ReadProcessMemory or WriteProcessMemory request was completed. (0x12B)
[0606/105737.189:ERROR:process_memory_win.cc(73)] ReadMemory at 0x226376b44b0 of 132 bytes failed: Only part of a ReadProcessMemory or WriteProcessMemory request was completed. (0x12B)
[0606/105737.190:ERROR:process_memory_win.cc(73)] ReadMemory at 0x226376b45e0 of 132 bytes failed: Only part of a ReadProcessMemory or WriteProcessMemory request was completed. (0x12B)
[0606/105737.190:ERROR:process_memory_win.cc(73)] ReadMemory at 0x226376b4710 of 132 bytes failed: Only part of a ReadProcessMemory or WriteProcessMemory request was completed. (0x12B)
[0606/105737.190:ERROR:process_memory_win.cc(73)] ReadMemory at 0x226376b4840 of 132 bytes failed: Only part of a ReadProcessMemory or WriteProcessMemory request was completed. (0x12B)
[0606/105737.190:ERROR:process_memory_win.cc(73)] ReadMemory at 0x226376b53d0 of 132 bytes failed: Only part of a ReadProcessMemory or WriteProcessMemory request was completed. (0x12B)
[0606/105737.190:ERROR:process_memory_win.cc(73)] ReadMemory at 0x226376b5d00 of 54 bytes failed: Only part of a ReadProcessMemory or WriteProcessMemory request was completed. (0x12B)
[0606/105737.190:ERROR:process_memory_win.cc(73)] ReadMemory at 0x226376b6d50 of 132 bytes failed: Only part of a ReadProcessMemory or WriteProcessMemory request was completed. (0x12B)
[0606/105737.488:ERROR:process_memory_win.cc(73)] ReadMemory at 0x226376b70e0 of 132 bytes failed: Only part of a ReadProcessMemory or WriteProcessMemory request was completed. (0x12B)
[0606/105737.489:ERROR:process_memory_win.cc(73)] ReadMemory at 0x226376b7340 of 132 bytes failed: Only part of a ReadProcessMemory or WriteProcessMemory request was completed. (0x12B)
[0606/105737.489:ERROR:process_memory_win.cc(73)] ReadMemory at 0x226376b75a0 of 132 bytes failed: Only part of a ReadProcessMemory or WriteProcessMemory request was completed. (0x12B)
[0606/105737.506:ERROR:process_memory_win.cc(73)] ReadMemory at 0x226376b7a60 of 132 bytes failed: Only part of a ReadProcessMemory or WriteProcessMemory request was completed. (0x12B)
[0606/105737.507:ERROR:process_memory_win.cc(73)] ReadMemory at 0x226376b7b90 of 132 bytes failed: Only part of a ReadProcessMemory or WriteProcessMemory request was completed. (0x12B)
[0606/105737.507:ERROR:process_memory_win.cc(73)] ReadMemory at 0x226376b7f20 of 132 bytes failed: Only part of a ReadProcessMemory or WriteProcessMemory request was completed. (0x12B)
[0606/105737.508:ERROR:process_memory_win.cc(73)] ReadMemory at 0x226376b8180 of 132 bytes failed: Only part of a ReadProcessMemory or WriteProcessMemory request was completed. (0x12B)
[0606/105737.508:ERROR:process_memory_win.cc(73)] ReadMemory at 0x226376b8640 of 132 bytes failed: Only part of a ReadProcessMemory or WriteProcessMemory request was completed. (0x12B)
[0606/105737.509:ERROR:process_memory_win.cc(73)] ReadMemory at 0x226376b8770 of 132 bytes failed: Only part of a ReadProcessMemory or WriteProcessMemory request was completed. (0x12B)
[0606/105737.510:ERROR:process_memory_win.cc(73)] ReadMemory at 0x226376bbe00 of 80 bytes failed: Only part of a ReadProcessMemory or WriteProcessMemory request was completed. (0x12B)
[0606/105737.511:ERROR:process_memory_win.cc(73)] ReadMemory at 0x226376bc6a0 of 76 bytes failed: Only part of a ReadProcessMemory or WriteProcessMemory request was completed. (0x12B)
[0606/105737.511:ERROR:process_memory_win.cc(73)] ReadMemory at 0x226376d4520 of 512 bytes failed: Only part of a ReadProcessMemory or WriteProcessMemory request was completed. (0x12B)
[0606/105737.511:ERROR:process_memory_win.cc(73)] ReadMemory at 0x226376d52d0 of 512 bytes failed: Only part of a ReadProcessMemory or WriteProcessMemory request was completed. (0x12B)
[0606/105737.670:ERROR:process_memory_win.cc(73)] ReadMemory at 0x22637870190 of 512 bytes failed: Only part of a ReadProcessMemory or WriteProcessMemory request was completed. (0x12B)
[0606/105737.671:ERROR:process_memory_win.cc(73)] ReadMemory at 0x22637871780 of 512 bytes failed: Only part of a ReadProcessMemory or WriteProcessMemory request was completed. (0x12B)
[0606/105737.671:ERROR:process_memory_win.cc(73)] ReadMemory at 0x22637e20000 of 384 bytes failed: Only part of a ReadProcessMemory or WriteProcessMemory request was completed. (0x12B)
[0606/105737.671:ERROR:process_memory_win.cc(73)] ReadMemory at 0x22637e48fb0 of 512 bytes failed: Only part of a ReadProcessMemory or WriteProcessMemory request was completed. (0x12B)
[0606/105737.671:ERROR:process_memory_win.cc(73)] ReadMemory at 0x22637e62590 of 512 bytes failed: Only part of a ReadProcessMemory or WriteProcessMemory request was completed. (0x12B)
[0606/105737.671:ERROR:process_memory_win.cc(73)] ReadMemory at 0x22637e7bbe0 of 712 bytes failed: Only part of a ReadProcessMemory or WriteProcessMemory request was completed. (0x12B)
[0606/105737.671:ERROR:process_memory_win.cc(73)] ReadMemory at 0x22637e80930 of 512 bytes failed: Only part of a ReadProcessMemory or WriteProcessMemory request was completed. (0x12B)
[0606/105737.671:ERROR:process_memory_win.cc(73)] ReadMemory at 0x22637e84e00 of 512 bytes failed: Only part of a ReadProcessMemory or WriteProcessMemory request was completed. (0x12B)
[0606/105737.671:ERROR:process_memory_win.cc(73)] ReadMemory at 0x22637eab3d0 of 512 bytes failed: Only part of a ReadProcessMemory or WriteProcessMemory request was completed. (0x12B)
[0606/105737.671:ERROR:process_memory_win.cc(73)] ReadMemory at 0x22637fb0000 of 384 bytes failed: Only part of a ReadProcessMemory or WriteProcessMemory request was completed. (0x12B)
[0606/105737.671:ERROR:process_memory_win.cc(73)] ReadMemory at 0x22637fbbd80 of 512 bytes failed: Only part of a ReadProcessMemory or WriteProcessMemory request was completed. (0x12B)
[0606/105737.671:ERROR:process_memory_win.cc(73)] ReadMemory at 0x22653ecf9b0 of 512 bytes failed: Only part of a ReadProcessMemory or WriteProcessMemory request was completed. (0x12B)
[0606/105737.671:ERROR:process_memory_win.cc(73)] ReadMemory at 0x22655c059d0 of 512 bytes failed: Only part of a ReadProcessMemory or WriteProcessMemory request was completed. (0x12B)
[0606/105737.671:ERROR:process_memory_win.cc(73)] ReadMemory at 0x22659a80000 of 400 bytes failed: Only part of a ReadProcessMemory or WriteProcessMemory request was completed. (0x12B)
[0606/105737.671:ERROR:process_memory_win.cc(73)] ReadMemory at 0x22659a9ffa0 of 528 bytes failed: Only part of a ReadProcessMemory or WriteProcessMemory request was completed. (0x12B)
[0606/105737.671:ERROR:process_memory_win.cc(73)] ReadMemory at 0x22659fc4e50 of 512 bytes failed: Only part of a ReadProcessMemory or WriteProcessMemory request was completed. (0x12B)
[0606/105737.837:ERROR:process_memory_win.cc(73)] ReadMemory at 0x7ffd29ad7a40 of 512 bytes failed: Only part of a ReadProcessMemory or WriteProcessMemory request was completed. (0x12B)
[0606/105737.837:ERROR:process_memory_win.cc(73)] ReadMemory at 0x7ffd476979a5 of 512 bytes failed: Only part of a ReadProcessMemory or WriteProcessMemory request was completed. (0x12B)
[0606/105737.837:ERROR:process_memory_win.cc(73)] ReadMemory at 0x7ffd47698180 of 512 bytes failed: Only part of a ReadProcessMemory or WriteProcessMemory request was completed. (0x12B)
[0606/105737.838:ERROR:process_memory_win.cc(73)] ReadMemory at 0x7ffd7ebc1a31 of 512 bytes failed: Only part of a ReadProcessMemory or WriteProcessMemory request was completed. (0x12B)
[0606/105737.838:ERROR:process_memory_win.cc(73)] ReadMemory at 0x7ffd7ec1c074 of 672 bytes failed: Only part of a ReadProcessMemory or WriteProcessMemory request was completed. (0x12B)
[0606/105737.838:ERROR:process_memory_win.cc(73)] ReadMemory at 0x7ffd7ec1f924 of 608 bytes failed: Only part of a ReadProcessMemory or WriteProcessMemory request was completed. (0x12B)
[0606/105737.838:ERROR:process_memory_win.cc(73)] ReadMemory at 0x7ffd7ecac428 of 18 bytes failed: Only part of a ReadProcessMemory or WriteProcessMemory request was completed. (0x12B)
[0606/105737.838:ERROR:process_memory_win.cc(73)] ReadMemory at 0x7ffd7ecdf4f8 of 40 bytes failed: Only part of a ReadProcessMemory or WriteProcessMemory request was completed. (0x12B)
[0606/105737.839:ERROR:process_memory_win.cc(73)] ReadMemory at 0x7ffd7ecdf978 of 48 bytes failed: Only part of a ReadProcessMemory or WriteProcessMemory request was completed. (0x12B)
[0606/105737.839:ERROR:process_memory_win.cc(73)] ReadMemory at 0x7ffd7ece53c0 of 64 bytes failed: Only part of a ReadProcessMemory or WriteProcessMemory request was completed. (0x12B)
[0606/105737.964:ERROR:scoped_process_suspend.cc(40)] NtResumeProcess: An attempt was made to access an exiting process. (0xc000010a)
[0606/194047.657:ERROR:file_io.cc(134)] WriteFile: The pipe is being closed. (0xE8)
